1634923847023	geckodriver	INFO	Listening on 127.0.0.1:56467
1634923847029	mozrunner::runner	INFO	Running command: "/usr/bin/firefox" "--marionette" "--remote-debugging-port" "35871" "-no-remote" "-profile" "/tmp/rust_mozprofileQoDIGW"
console.error: SearchCache: "_readCacheFile: Error reading cache file:" (new Error("", "(unknown module)"))
1634923851618	Marionette	INFO	Listening on port 44759
1634923851642	Marionette	WARN	TLS certificate errors will be ignored for this session
1634923854361	Marionette	INFO	Stopped listening on port 44759
JavaScript error: resource://gre/modules/UrlClassifierListManager.jsm, line 691: TypeError: this.tablesData[table] is undefined
console.log: "RemoteSettingsWorker error: Error: Can't import when we've started shutting down."
console.log: "RemoteSettingsWorker error: Error: Can't import when we've started shutting down."
JavaScript error: resource://gre/modules/ExtensionSettingsStore.jsm, line 123: Error: The ExtensionSettingsStore was accessed before the initialize promise resolved.
1634924677000	geckodriver	INFO	Listening on 127.0.0.1:58359
1634924677009	mozrunner::runner	INFO	Running command: "/usr/bin/firefox" "--marionette" "--remote-debugging-port" "45933" "-no-remote" "-profile" "/tmp/rust_mozprofile8eKU8I"
console.error: SearchCache: "_readCacheFile: Error reading cache file:" (new Error("", "(unknown module)"))
1634924680790	Marionette	INFO	Listening on port 37399
1634924680817	Marionette	WARN	TLS certificate errors will be ignored for this session
JavaScript error: resource://gre/modules/TelemetryUtils.jsm, line 161: TypeError: date is undefined
1634924691725	Marionette	INFO	Stopped listening on port 37399
1634924993279	geckodriver	INFO	Listening on 127.0.0.1:58583
1634924993285	mozrunner::runner	INFO	Running command: "/usr/bin/firefox" "--marionette" "--remote-debugging-port" "38997" "-no-remote" "-profile" "/tmp/rust_mozprofilesVwJR2"
console.error: SearchCache: "_readCacheFile: Error reading cache file:" (new Error("", "(unknown module)"))
1634924996997	Marionette	INFO	Listening on port 41577
1634924997095	Marionette	WARN	TLS certificate errors will be ignored for this session
JavaScript error: resource://gre/modules/TelemetryUtils.jsm, line 161: TypeError: date is undefined
JavaScript error: , line 0: TypeError: NetworkError when attempting to fetch resource.
JavaScript error: , line 0: TypeError: NetworkError when attempting to fetch resource.
JavaScript error: , line 0: TypeError: NetworkError when attempting to fetch resource.
JavaScript error: , line 0: TypeError: NetworkError when attempting to fetch resource.
JavaScript error: , line 0: TypeError: NetworkError when attempting to fetch resource.
JavaScript error: , line 0: TypeError: NetworkError when attempting to fetch resource.
JavaScript error: , line 0: TypeError: NetworkError when attempting to fetch resource.
1634925058904	Marionette	INFO	Stopped listening on port 41577
1634925196319	geckodriver	INFO	Listening on 127.0.0.1:46671
1634925196325	mozrunner::runner	INFO	Running command: "/usr/bin/firefox" "--marionette" "--remote-debugging-port" "42941" "-no-remote" "-profile" "/tmp/rust_mozprofileig96Eo"
console.error: SearchCache: "_readCacheFile: Error reading cache file:" (new Error("", "(unknown module)"))
1634925199618	Marionette	INFO	Listening on port 34257
1634925199646	Marionette	WARN	TLS certificate errors will be ignored for this session
JavaScript error: resource://gre/modules/TelemetryUtils.jsm, line 161: TypeError: date is undefined
SourceActor threw an exception: [Exception... "Component returned failure code: 0x80470002 (NS_BASE_STREAM_CLOSED) [nsIInputStream.available]"  nsresult: "0x80470002 (NS_BASE_STREAM_CLOSED)"  location: "JS frame :: resource://devtools/shared/DevToolsUtils.js :: onResponse :: line 560"  data: no]
Stack: onResponse@resource://devtools/shared/DevToolsUtils.js:560:34
onStopRequest@resource://gre/modules/NetUtil.jsm:128:18
Line: 560, column: 0
console.error: ({})
JavaScript error: resource://devtools/shared/DevToolsUtils.js, line 560: NS_BASE_STREAM_CLOSED: Component returned failure code: 0x80470002 (NS_BASE_STREAM_CLOSED) [nsIInputStream.available]
console.log: WebExtensions: reset-default-search: No addons in our list are installed.
1634928299993	geckodriver	INFO	Listening on 127.0.0.1:39157
1634928300003	mozrunner::runner	INFO	Running command: "/usr/bin/firefox" "--marionette" "--remote-debugging-port" "56115" "-no-remote" "-profile" "/tmp/rust_mozprofilewXRM3n"
console.error: SearchCache: "_readCacheFile: Error reading cache file:" (new Error("", "(unknown module)"))
JavaScript error: resource://activity-stream/lib/ActivityStreamPrefs.jsm, line 27: NS_ERROR_ILLEGAL_VALUE: Component returned failure code: 0x80070057 (NS_ERROR_ILLEGAL_VALUE) [nsIPrefBranch.removeObserver]
console.error: services.settings: 
  main/fxmonitor-breaches Signature failed  TypeError: NetworkError when attempting to fetch resource.
console.error: Region.jsm: "Error fetching region" (new TypeError("NetworkError when attempting to fetch resource.", ""))
console.error: Region.jsm: "Failed to fetch region" (new Error("NO_RESULT", "resource://gre/modules/Region.jsm", 351))
console.log: "RemoteSettingsWorker error: Error: Can't import when we've started shutting down."
IPDL protocol error: Handler returned error code!

###!!! [Parent][DispatchAsyncMessage] Error: PLayerTransaction::Msg_ReleaseLayer Processing error: message was deserialized, but the handler returned false (indicating failure)

IPDL protocol error: Handler returned error code!

###!!! [Parent][DispatchAsyncMessage] Error: PLayerTransaction::Msg_ReleaseLayer Processing error: message was deserialized, but the handler returned false (indicating failure)

IPDL protocol error: Handler returned error code!

###!!! [Parent][DispatchAsyncMessage] Error: PLayerTransaction::Msg_ReleaseLayer Processing error: message was deserialized, but the handler returned false (indicating failure)

IPDL protocol error: Handler returned error code!

###!!! [Parent][DispatchAsyncMessage] Error: PLayerTransaction::Msg_ReleaseLayer Processing error: message was deserialized, but the handler returned false (indicating failure)

IPDL protocol error: Handler returned error code!

###!!! [Parent][DispatchAsyncMessage] Error: PLayerTransaction::Msg_ReleaseLayer Processing error: message was deserialized, but the handler returned false (indicating failure)

IPDL protocol error: Handler returned error code!

###!!! [Parent][DispatchAsyncMessage] Error: PLayerTransaction::Msg_ReleaseLayer Processing error: message was deserialized, but the handler returned false (indicating failure)

IPDL protocol error: Handler returned error code!

###!!! [Parent][DispatchAsyncMessage] Error: PLayerTransaction::Msg_ReleaseLayer Processing error: message was deserialized, but the handler returned false (indicating failure)

IPDL protocol error: Handler returned error code!

###!!! [Parent][DispatchAsyncMessage] Error: PLayerTransaction::Msg_ReleaseLayer Processing error: message was deserialized, but the handler returned false (indicating failure)

IPDL protocol error: Handler returned error code!

###!!! [Parent][DispatchAsyncMessage] Error: PLayerTransaction::Msg_ReleaseLayer Processing error: message was deserialized, but the handler returned false (indicating failure)

IPDL protocol error: Handler returned error code!

###!!! [Parent][DispatchAsyncMessage] Error: PLayerTransaction::Msg_ReleaseLayer Processing error: message was deserialized, but the handler returned false (indicating failure)

IPDL protocol error: Handler returned error code!

###!!! [Parent][DispatchAsyncMessage] Error: PLayerTransaction::Msg_ReleaseLayer Processing error: message was deserialized, but the handler returned false (indicating failure)

IPDL protocol error: Handler returned error code!

###!!! [Parent][DispatchAsyncMessage] Error: PLayerTransaction::Msg_ReleaseLayer Processing error: message was deserialized, but the handler returned false (indicating failure)

IPDL protocol error: Handler returned error code!

###!!! [Parent][DispatchAsyncMessage] Error: PLayerTransaction::Msg_ReleaseLayer Processing error: message was deserialized, but the handler returned false (indicating failure)

IPDL protocol error: Handler returned error code!

###!!! [Parent][DispatchAsyncMessage] Error: PLayerTransaction::Msg_ReleaseLayer Processing error: message was deserialized, but the handler returned false (indicating failure)

IPDL protocol error: Handler returned error code!

###!!! [Parent][DispatchAsyncMessage] Error: PLayerTransaction::Msg_ReleaseLayer Processing error: message was deserialized, but the handler returned false (indicating failure)

IPDL protocol error: Handler returned error code!

###!!! [Parent][DispatchAsyncMessage] Error: PLayerTransaction::Msg_ReleaseLayer Processing error: message was deserialized, but the handler returned false (indicating failure)

IPDL protocol error: Handler returned error code!

###!!! [Parent][DispatchAsyncMessage] Error: PLayerTransaction::Msg_ReleaseLayer Processing error: message was deserialized, but the handler returned false (indicating failure)

IPDL protocol error: Handler returned error code!

###!!! [Parent][DispatchAsyncMessage] Error: PLayerTransaction::Msg_ReleaseLayer Processing error: message was deserialized, but the handler returned false (indicating failure)

IPDL protocol error: Handler returned error code!

###!!! [Parent][DispatchAsyncMessage] Error: PLayerTransaction::Msg_ReleaseLayer Processing error: message was deserialized, but the handler returned false (indicating failure)

IPDL protocol error: Handler returned error code!

###!!! [Parent][DispatchAsyncMessage] Error: PLayerTransaction::Msg_ReleaseLayer Processing error: message was deserialized, but the handler returned false (indicating failure)

IPDL protocol error: Handler returned error code!

###!!! [Parent][DispatchAsyncMessage] Error: PLayerTransaction::Msg_ReleaseLayer Processing error: message was deserialized, but the handler returned false (indicating failure)

IPDL protocol error: Handler returned error code!

###!!! [Parent][DispatchAsyncMessage] Error: PLayerTransaction::Msg_ReleaseLayer Processing error: message was deserialized, but the handler returned false (indicating failure)

IPDL protocol error: Handler returned error code!

###!!! [Parent][DispatchAsyncMessage] Error: PLayerTransaction::Msg_ReleaseLayer Processing error: message was deserialized, but the handler returned false (indicating failure)

IPDL protocol error: Handler returned error code!

###!!! [Parent][DispatchAsyncMessage] Error: PLayerTransaction::Msg_ReleaseLayer Processing error: message was deserialized, but the handler returned false (indicating failure)

IPDL protocol error: Handler returned error code!

###!!! [Parent][DispatchAsyncMessage] Error: PLayerTransaction::Msg_ReleaseLayer Processing error: message was deserialized, but the handler returned false (indicating failure)

IPDL protocol error: Handler returned error code!

###!!! [Parent][DispatchAsyncMessage] Error: PLayerTransaction::Msg_ReleaseLayer Processing error: message was deserialized, but the handler returned false (indicating failure)

IPDL protocol error: Handler returned error code!

###!!! [Parent][DispatchAsyncMessage] Error: PLayerTransaction::Msg_ReleaseLayer Processing error: message was deserialized, but the handler returned false (indicating failure)

IPDL protocol error: Handler returned error code!

###!!! [Parent][DispatchAsyncMessage] Error: PLayerTransaction::Msg_ReleaseLayer Processing error: message was deserialized, but the handler returned false (indicating failure)

IPDL protocol error: Handler returned error code!

###!!! [Parent][DispatchAsyncMessage] Error: PLayerTransaction::Msg_ReleaseLayer Processing error: message was deserialized, but the handler returned false (indicating failure)

IPDL protocol error: Handler returned error code!

###!!! [Parent][DispatchAsyncMessage] Error: PLayerTransaction::Msg_ReleaseLayer Processing error: message was deserialized, but the handler returned false (indicating failure)

IPDL protocol error: Handler returned error code!

###!!! [Parent][DispatchAsyncMessage] Error: PLayerTransaction::Msg_ReleaseLayer Processing error: message was deserialized, but the handler returned false (indicating failure)

IPDL protocol error: Handler returned error code!

###!!! [Parent][DispatchAsyncMessage] Error: PLayerTransaction::Msg_ReleaseLayer Processing error: message was deserialized, but the handler returned false (indicating failure)

IPDL protocol error: Handler returned error code!

###!!! [Parent][DispatchAsyncMessage] Error: PLayerTransaction::Msg_ReleaseLayer Processing error: message was deserialized, but the handler returned false (indicating failure)

IPDL protocol error: Handler returned error code!

###!!! [Parent][DispatchAsyncMessage] Error: PLayerTransaction::Msg_ReleaseLayer Processing error: message was deserialized, but the handler returned false (indicating failure)

IPDL protocol error: Handler returned error code!

###!!! [Parent][DispatchAsyncMessage] Error: PLayerTransaction::Msg_ReleaseLayer Processing error: message was deserialized, but the handler returned false (indicating failure)

IPDL protocol error: Handler returned error code!

###!!! [Parent][DispatchAsyncMessage] Error: PLayerTransaction::Msg_ReleaseLayer Processing error: message was deserialized, but the handler returned false (indicating failure)

IPDL protocol error: Handler returned error code!

###!!! [Parent][DispatchAsyncMessage] Error: PLayerTransaction::Msg_ReleaseLayer Processing error: message was deserialized, but the handler returned false (indicating failure)

IPDL protocol error: Handler returned error code!

###!!! [Parent][DispatchAsyncMessage] Error: PLayerTransaction::Msg_ReleaseLayer Processing error: message was deserialized, but the handler returned false (indicating failure)

IPDL protocol error: Handler returned error code!

###!!! [Parent][DispatchAsyncMessage] Error: PLayerTransaction::Msg_ReleaseLayer Processing error: message was deserialized, but the handler returned false (indicating failure)

IPDL protocol error: Handler returned error code!

###!!! [Parent][DispatchAsyncMessage] Error: PLayerTransaction::Msg_ReleaseLayer Processing error: message was deserialized, but the handler returned false (indicating failure)

IPDL protocol error: Handler returned error code!

###!!! [Parent][DispatchAsyncMessage] Error: PLayerTransaction::Msg_ReleaseLayer Processing error: message was deserialized, but the handler returned false (indicating failure)

JavaScript error: , line 0: TypeError: NetworkError when attempting to fetch resource.
JavaScript error: , line 0: TypeError: NetworkError when attempting to fetch resource.
JavaScript error: , line 0: TypeError: NetworkError when attempting to fetch resource.
JavaScript error: , line 0: TypeError: NetworkError when attempting to fetch resource.
JavaScript error: , line 0: TypeError: NetworkError when attempting to fetch resource.
JavaScript error: , line 0: TypeError: NetworkError when attempting to fetch resource.
JavaScript error: resource://gre/modules/AsyncShutdown.jsm, line 697: Error: Phase "Sqlite.jsm: wait until all connections are closed" is finished, it is too late to register completion condition "protections.sqlite#0: waiting for shutdown"
JavaScript error: resource://activity-stream/lib/PlacesFeed.jsm, line 198: NS_ERROR_UNEXPECTED: Component returned failure code: 0x8000ffff (NS_ERROR_UNEXPECTED) [nsINavHistoryService.addObserver]
JavaScript error: resource://gre/modules/ExtensionSettingsStore.jsm, line 123: Error: The ExtensionSettingsStore was accessed before the initialize promise resolved.
JavaScript error: resource://gre/modules/IndexedDB.jsm, line 370: UnknownError: IDBDatabase.transaction: Can't start IndexedDB transaction during shutdown
JavaScript error: resource://gre/modules/XPCOMUtils.jsm, line 144: NS_ERROR_XPC_GS_RETURNED_FAILURE: ServiceManager::GetService returned failure code:
console.error: PushService: 
  clearOriginData: Error clearing origin data:
  UnknownError
console.error: PushService: 
  stateChangeProcessEnqueue: Error transitioning state
  UnknownError
1634928305287	Marionette	INFO	Stopped listening on port 34257
1634928307182	geckodriver	INFO	Listening on 127.0.0.1:60247
1634928307188	mozrunner::runner	INFO	Running command: "/usr/bin/firefox" "--marionette" "--remote-debugging-port" "48967" "-no-remote" "-profile" "/tmp/rust_mozprofileDrOgds"
console.error: SearchCache: "_readCacheFile: Error reading cache file:" (new Error("", "(unknown module)"))
1634928310105	Marionette	INFO	Listening on port 38221
1634928310234	Marionette	WARN	TLS certificate errors will be ignored for this session
JavaScript error: resource://gre/modules/TelemetryUtils.jsm, line 161: TypeError: date is undefined
JavaScript error: , line 0: TypeError: NetworkError when attempting to fetch resource.
JavaScript error: , line 0: TypeError: NetworkError when attempting to fetch resource.
JavaScript error: , line 0: TypeError: NetworkError when attempting to fetch resource.
JavaScript error: , line 0: TypeError: NetworkError when attempting to fetch resource.
JavaScript error: , line 0: TypeError: NetworkError when attempting to fetch resource.
JavaScript error: , line 0: TypeError: NetworkError when attempting to fetch resource.
JavaScript error: resource://gre/modules/AsyncShutdown.jsm, line 697: Error: Phase "Sqlite.jsm: wait until all connections are closed" is finished, it is too late to register completion condition "protections.sqlite#0: waiting for shutdown"
1634928360191	geckodriver	INFO	Listening on 127.0.0.1:49971
1634928360197	mozrunner::runner	INFO	Running command: "/usr/bin/firefox" "--marionette" "--remote-debugging-port" "42899" "-no-remote" "-profile" "/tmp/rust_mozprofilekG1oC6"
1634928361100	Marionette	INFO	Stopped listening on port 38221
console.error: SearchCache: "_readCacheFile: Error reading cache file:" (new Error("", "(unknown module)"))
1634928363930	Marionette	INFO	Listening on port 35381
1634928364008	Marionette	WARN	TLS certificate errors will be ignored for this session
JavaScript error: resource://gre/modules/TelemetryUtils.jsm, line 161: TypeError: date is undefined
JavaScript error: , line 0: TypeError: NetworkError when attempting to fetch resource.
JavaScript error: , line 0: TypeError: NetworkError when attempting to fetch resource.
JavaScript error: , line 0: TypeError: NetworkError when attempting to fetch resource.
JavaScript error: , line 0: TypeError: NetworkError when attempting to fetch resource.
1634928516768	geckodriver	INFO	Listening on 127.0.0.1:39499
1634928516778	mozrunner::runner	INFO	Running command: "/usr/bin/firefox" "--marionette" "--remote-debugging-port" "47029" "-no-remote" "-profile" "/tmp/rust_mozprofileylpfXh"
console.error: SearchCache: "_readCacheFile: Error reading cache file:" (new Error("", "(unknown module)"))
1634928520061	Marionette	INFO	Listening on port 38983
1634928520087	Marionette	WARN	TLS certificate errors will be ignored for this session
JavaScript error: resource://gre/modules/TelemetryUtils.jsm, line 161: TypeError: date is undefined
1634928684356	geckodriver	INFO	Listening on 127.0.0.1:39269
1634928684361	mozrunner::runner	INFO	Running command: "/usr/bin/firefox" "--marionette" "--remote-debugging-port" "59019" "-no-remote" "-profile" "/tmp/rust_mozprofile7wLpwO"
console.error: SearchCache: "_readCacheFile: Error reading cache file:" (new Error("", "(unknown module)"))
1634928687658	Marionette	INFO	Listening on port 42869
1634928687676	Marionette	WARN	TLS certificate errors will be ignored for this session
JavaScript error: resource://gre/modules/TelemetryUtils.jsm, line 161: TypeError: date is undefined
JavaScript error: , line 0: TypeError: NetworkError when attempting to fetch resource.
JavaScript error: , line 0: TypeError: NetworkError when attempting to fetch resource.
JavaScript error: , line 0: TypeError: NetworkError when attempting to fetch resource.
JavaScript error: , line 0: TypeError: NetworkError when attempting to fetch resource.
JavaScript error: , line 0: TypeError: NetworkError when attempting to fetch resource.
JavaScript error: , line 0: TypeError: NetworkError when attempting to fetch resource.
JavaScript error: resource://gre/modules/AsyncShutdown.jsm, line 697: Error: Phase "Sqlite.jsm: wait until all connections are closed" is finished, it is too late to register completion condition "protections.sqlite#0: waiting for shutdown"
1634928708504	Marionette	INFO	Stopped listening on port 42869
JavaScript error: , line 0: TypeError: NetworkError when attempting to fetch resource.
JavaScript error: , line 0: TypeError: NetworkError when attempting to fetch resource.
JavaScript error: , line 0: TypeError: NetworkError when attempting to fetch resource.
JavaScript error: , line 0: TypeError: NetworkError when attempting to fetch resource.
JavaScript error: , line 0: TypeError: NetworkError when attempting to fetch resource.
JavaScript error: , line 0: TypeError: NetworkError when attempting to fetch resource.
JavaScript error: , line 0: TypeError: NetworkError when attempting to fetch resource.
JavaScript error: , line 0: TypeError: NetworkError when attempting to fetch resource.
JavaScript error: resource://gre/modules/AsyncShutdown.jsm, line 697: Error: Phase "Sqlite.jsm: wait until all connections are closed" is finished, it is too late to register completion condition "protections.sqlite#0: waiting for shutdown"
1634928719270	Marionette	INFO	Stopped listening on port 38983
1634928720435	Marionette	INFO	Stopped listening on port 35381
1634928720905	geckodriver	INFO	Listening on 127.0.0.1:52703
1634928720911	mozrunner::runner	INFO	Running command: "/usr/bin/firefox" "--marionette" "--remote-debugging-port" "49251" "-no-remote" "-profile" "/tmp/rust_mozprofileOG2GZh"
console.error: SearchCache: "_readCacheFile: Error reading cache file:" (new Error("", "(unknown module)"))
1634928723944	Marionette	INFO	Listening on port 33527
1634928724020	Marionette	WARN	TLS certificate errors will be ignored for this session
JavaScript error: resource://gre/modules/TelemetryUtils.jsm, line 161: TypeError: date is undefined
JavaScript error: , line 0: TypeError: NetworkError when attempting to fetch resource.
JavaScript error: , line 0: TypeError: NetworkError when attempting to fetch resource.
JavaScript error: , line 0: TypeError: NetworkError when attempting to fetch resource.
JavaScript error: , line 0: TypeError: NetworkError when attempting to fetch resource.
JavaScript error: , line 0: TypeError: NetworkError when attempting to fetch resource.
JavaScript error: , line 0: TypeError: NetworkError when attempting to fetch resource.
1634928776981	Marionette	INFO	Stopped listening on port 33527
1634928777086	geckodriver	INFO	Listening on 127.0.0.1:38665
1634928777093	mozrunner::runner	INFO	Running command: "/usr/bin/firefox" "--marionette" "--remote-debugging-port" "49691" "-no-remote" "-profile" "/tmp/rust_mozprofileOUeNCJ"
console.error: SearchCache: "_readCacheFile: Error reading cache file:" (new Error("", "(unknown module)"))
1634928780179	Marionette	INFO	Listening on port 36577
1634928780202	Marionette	WARN	TLS certificate errors will be ignored for this session
JavaScript error: resource://gre/modules/TelemetryUtils.jsm, line 161: TypeError: date is undefined
JavaScript error: https://clickiocdn.com/utr/logst_sa/c2FpZD02MzczNDh+NjM3MzU0fi1+NjM3MzQ4fjYzNzM1NCZzc2lkPX4xJmFjdD1mbmRfb25fcGd+cnRyX3Zhcl9jaHNufnJ0cl92YXJfaW5zdGFsbH50Z2xfc18wfnRnbF9zXzFfZGZwJnVybD1+cGV0aWNhb3B1YmxpY2EuY29tLmJyJnZjbnQ9NSZfZj1fX2x4R19fLnRtcC5sb2dzdF95YnVsbDBtbXI0aGJ3amU0/, line 1: TypeError: __lxG__.tmp.logst_ybull0mmr4hbwje4 is not a function
JavaScript error: , line 0: TypeError: NetworkError when attempting to fetch resource.
JavaScript error: , line 0: TypeError: NetworkError when attempting to fetch resource.
JavaScript error: , line 0: TypeError: NetworkError when attempting to fetch resource.
1634928852166	Marionette	INFO	Stopped listening on port 36577
1634928972044	geckodriver	INFO	Listening on 127.0.0.1:48769
1634928972054	mozrunner::runner	INFO	Running command: "/usr/bin/firefox" "--marionette" "--remote-debugging-port" "41129" "-no-remote" "-profile" "/tmp/rust_mozprofileE91rqj"
console.error: SearchCache: "_readCacheFile: Error reading cache file:" (new Error("", "(unknown module)"))
1634928975303	Marionette	INFO	Listening on port 34767
1634928975362	Marionette	WARN	TLS certificate errors will be ignored for this session
JavaScript error: resource://gre/modules/TelemetryUtils.jsm, line 161: TypeError: date is undefined
1634928984376	Marionette	INFO	Stopped listening on port 34767
1634929008126	geckodriver	INFO	Listening on 127.0.0.1:52625
1634929008132	mozrunner::runner	INFO	Running command: "/usr/bin/firefox" "--marionette" "--remote-debugging-port" "47533" "-no-remote" "-profile" "/tmp/rust_mozprofilefkfsj0"
console.error: SearchCache: "_readCacheFile: Error reading cache file:" (new Error("", "(unknown module)"))
1634929011234	Marionette	INFO	Listening on port 42123
1634929011246	Marionette	WARN	TLS certificate errors will be ignored for this session
JavaScript error: resource://gre/modules/TelemetryUtils.jsm, line 161: TypeError: date is undefined
1634929102840	geckodriver	INFO	Listening on 127.0.0.1:45283
1634929102844	mozrunner::runner	INFO	Running command: "/usr/bin/firefox" "--marionette" "--remote-debugging-port" "49587" "-no-remote" "-profile" "/tmp/rust_mozprofile8lu8HB"
JavaScript error: , line 0: TypeError: NetworkError when attempting to fetch resource.
JavaScript error: , line 0: TypeError: NetworkError when attempting to fetch resource.
JavaScript error: , line 0: TypeError: NetworkError when attempting to fetch resource.
JavaScript error: , line 0: TypeError: NetworkError when attempting to fetch resource.
JavaScript error: , line 0: TypeError: NetworkError when attempting to fetch resource.
JavaScript error: , line 0: TypeError: NetworkError when attempting to fetch resource.
1634929105902	Marionette	INFO	Stopped listening on port 42123
console.error: SearchCache: "_readCacheFile: Error reading cache file:" (new Error("", "(unknown module)"))
1634929106539	Marionette	INFO	Listening on port 37423
1634929106554	Marionette	WARN	TLS certificate errors will be ignored for this session
JavaScript error: resource://gre/modules/TelemetryUtils.jsm, line 161: TypeError: date is undefined
JavaScript error: https://clickiocdn.com/utr/logst_sa/c2FpZD02MzczNDh+NjM3MzU0fi1+NjM3MzQ4fjYzNzM1NCZzc2lkPX4xJmFjdD1mbmRfb25fcGd+cnRyX3Zhcl9jaHNufnJ0cl92YXJfaW5zdGFsbH50Z2xfc18wfnRnbF9zXzFfZGZwJnVybD1+cGV0aWNhb3B1YmxpY2EuY29tLmJyJnZjbnQ9NSZfZj1fX2x4R19fLnRtcC5sb2dzdF9ycHN0b3B2MmY0enFiMWhp/, line 1: TypeError: __lxG__.tmp.logst_rpstopv2f4zqb1hi is not a function
JavaScript error: , line 0: TypeError: NetworkError when attempting to fetch resource.
JavaScript error: , line 0: TypeError: NetworkError when attempting to fetch resource.
1634929166147	Marionette	INFO	Stopped listening on port 37423
1634929166398	geckodriver	INFO	Listening on 127.0.0.1:52469
1634929166408	mozrunner::runner	INFO	Running command: "/usr/bin/firefox" "--marionette" "--remote-debugging-port" "46321" "-no-remote" "-profile" "/tmp/rust_mozprofile23v0s0"
console.error: SearchCache: "_readCacheFile: Error reading cache file:" (new Error("", "(unknown module)"))
1634929169381	Marionette	INFO	Listening on port 34981
1634929169418	Marionette	WARN	TLS certificate errors will be ignored for this session
JavaScript error: resource://gre/modules/TelemetryUtils.jsm, line 161: TypeError: date is undefined
JavaScript error: , line 0: TypeError: NetworkError when attempting to fetch resource.
JavaScript error: , line 0: TypeError: NetworkError when attempting to fetch resource.
JavaScript error: , line 0: TypeError: NetworkError when attempting to fetch resource.
JavaScript error: , line 0: TypeError: NetworkError when attempting to fetch resource.
JavaScript error: , line 0: TypeError: NetworkError when attempting to fetch resource.
JavaScript error: , line 0: TypeError: NetworkError when attempting to fetch resource.
JavaScript error: , line 0: TypeError: NetworkError when attempting to fetch resource.
1634929240548	Marionette	INFO	Stopped listening on port 34981
1634929241110	geckodriver	INFO	Listening on 127.0.0.1:49709
1634929241116	mozrunner::runner	INFO	Running command: "/usr/bin/firefox" "--marionette" "--remote-debugging-port" "47481" "-no-remote" "-profile" "/tmp/rust_mozprofileVhDpCs"
console.error: SearchCache: "_readCacheFile: Error reading cache file:" (new Error("", "(unknown module)"))
1634929244253	Marionette	INFO	Listening on port 37769
1634929244326	Marionette	WARN	TLS certificate errors will be ignored for this session
JavaScript error: resource://gre/modules/TelemetryUtils.jsm, line 161: TypeError: date is undefined
1634929250905	Marionette	INFO	Stopped listening on port 37769
JavaScript error: , line 0: TypeError: NetworkError when attempting to fetch resource.
JavaScript error: , line 0: TypeError: NetworkError when attempting to fetch resource.
JavaScript error: , line 0: TypeError: NetworkError when attempting to fetch resource.
1634929275961	geckodriver	INFO	Listening on 127.0.0.1:38965
1634929275970	mozrunner::runner	INFO	Running command: "/usr/bin/firefox" "--marionette" "--remote-debugging-port" "50521" "-no-remote" "-profile" "/tmp/rust_mozprofilenbLrAa"
console.error: SearchCache: "_readCacheFile: Error reading cache file:" (new Error("", "(unknown module)"))
1634929279054	Marionette	INFO	Listening on port 37871
1634929279081	Marionette	WARN	TLS certificate errors will be ignored for this session
JavaScript error: resource://gre/modules/TelemetryUtils.jsm, line 161: TypeError: date is undefined
1634929297574	Marionette	INFO	Stopped listening on port 37871
JavaScript error: , line 0: TypeError: NetworkError when attempting to fetch resource.
JavaScript error: , line 0: TypeError: NetworkError when attempting to fetch resource.
JavaScript error: resource://gre/modules/Sqlite.jsm, line 1031: Error: Sqlite.jsm has been shutdown. Cannot open connection to: /tmp/rust_mozprofilenbLrAa/protections.sqlite
1634929716264	geckodriver	INFO	Listening on 127.0.0.1:37015
1634929716274	mozrunner::runner	INFO	Running command: "/usr/bin/firefox" "--marionette" "--remote-debugging-port" "42513" "-no-remote" "-profile" "/tmp/rust_mozprofileznKjCb"
console.error: SearchCache: "_readCacheFile: Error reading cache file:" (new Error("", "(unknown module)"))
1634929719901	Marionette	INFO	Listening on port 41833
1634929719984	Marionette	WARN	TLS certificate errors will be ignored for this session
JavaScript error: resource://gre/modules/TelemetryUtils.jsm, line 161: TypeError: date is undefined
JavaScript error: https://pagead2.googlesyndication.com/pagead/js/adsbygoogle.js, line 226: uncaught exception: TagError: adsbygoogle.push() error: No slot size for availableWidth=74
JavaScript error: https://tpc.googlesyndication.com/pagead/js/r20211020/r20110914/client/qs_click_protection_fy2019.js, line 21: NS_ERROR_NOT_INITIALIZED: 
1634929740200	Marionette	INFO	Stopped listening on port 41833
1634929768369	geckodriver	INFO	Listening on 127.0.0.1:45907
1634929768380	mozrunner::runner	INFO	Running command: "/usr/bin/firefox" "--marionette" "--remote-debugging-port" "36879" "-no-remote" "-profile" "/tmp/rust_mozprofileBxxzHf"
console.error: SearchCache: "_readCacheFile: Error reading cache file:" (new Error("", "(unknown module)"))
1634929771857	Marionette	INFO	Listening on port 35653
1634929771898	Marionette	WARN	TLS certificate errors will be ignored for this session
console.error: (new Error("Connection closed before committing the transaction.", "resource://gre/modules/Sqlite.jsm", 688))
JavaScript error: resource://gre/modules/ExtensionSettingsStore.jsm, line 123: Error: The ExtensionSettingsStore was accessed before the initialize promise resolved.
1634929774371	Marionette	INFO	Stopped listening on port 35653
1634929803616	geckodriver	INFO	Listening on 127.0.0.1:44853
1634929803623	mozrunner::runner	INFO	Running command: "/usr/bin/firefox" "--marionette" "--remote-debugging-port" "50411" "-no-remote" "-profile" "/tmp/rust_mozprofilefwo3lD"
console.error: SearchCache: "_readCacheFile: Error reading cache file:" (new Error("", "(unknown module)"))
1634929806795	Marionette	INFO	Listening on port 36683
1634929806833	Marionette	WARN	TLS certificate errors will be ignored for this session
JavaScript error: resource://gre/modules/TelemetryUtils.jsm, line 161: TypeError: date is undefined
JavaScript error: resource://gre/modules/URIFixup.jsm, line 271: NS_ERROR_FAILURE: Should pass a non-null uri
1634929850040	Marionette	INFO	Stopped listening on port 36683
1634929852675	geckodriver	INFO	Listening on 127.0.0.1:60047
1634929852683	mozrunner::runner	INFO	Running command: "/usr/bin/firefox" "--marionette" "--remote-debugging-port" "55379" "-no-remote" "-profile" "/tmp/rust_mozprofileQOgiBr"
console.error: SearchCache: "_readCacheFile: Error reading cache file:" (new Error("", "(unknown module)"))
1634929855604	Marionette	INFO	Listening on port 41447
1634929855693	Marionette	WARN	TLS certificate errors will be ignored for this session
JavaScript error: resource://gre/modules/TelemetryUtils.jsm, line 161: TypeError: date is undefined
1634929880001	Marionette	INFO	Stopped listening on port 41447
1634989729370	geckodriver	INFO	Listening on 127.0.0.1:58249
1634989729858	mozrunner::runner	INFO	Running command: "/usr/bin/firefox" "--marionette" "--remote-debugging-port" "44423" "-no-remote" "-profile" "/tmp/rust_mozprofileKu9sdb"
console.error: SearchCache: "_readCacheFile: Error reading cache file:" (new Error("", "(unknown module)"))
1634989734700	Marionette	INFO	Listening on port 45555
1634989734771	Marionette	WARN	TLS certificate errors will be ignored for this session
JavaScript error: resource://gre/modules/URIFixup.jsm, line 271: NS_ERROR_FAILURE: Should pass a non-null uri
JavaScript error: resource://gre/modules/TelemetryUtils.jsm, line 161: TypeError: date is undefined
JavaScript error: , line 0: TypeError: NetworkError when attempting to fetch resource.
JavaScript error: , line 0: TypeError: NetworkError when attempting to fetch resource.
1634989748433	Marionette	INFO	Stopped listening on port 45555
1634989796846	geckodriver	INFO	Listening on 127.0.0.1:50991
1634989796856	mozrunner::runner	INFO	Running command: "/usr/bin/firefox" "--marionette" "--remote-debugging-port" "55711" "-no-remote" "-profile" "/tmp/rust_mozprofileB2JoV1"
console.error: SearchCache: "_readCacheFile: Error reading cache file:" (new Error("", "(unknown module)"))
1634989800058	Marionette	INFO	Listening on port 39397
1634989800068	Marionette	WARN	TLS certificate errors will be ignored for this session
JavaScript error: resource://gre/modules/TelemetryUtils.jsm, line 161: TypeError: date is undefined
JavaScript error: https://pagead2.googlesyndication.com/pagead/js/adsbygoogle.js, line 228: uncaught exception: TagError: adsbygoogle.push() error: No slot size for availableWidth=64
JavaScript error: , line 0: TypeError: NetworkError when attempting to fetch resource.
JavaScript error: https://pagead2.googlesyndication.com/pagead/js/adsbygoogle.js, line 226: uncaught exception: TagError: adsbygoogle.push() error: No slot size for availableWidth=78
JavaScript error: , line 0: TypeError: NetworkError when attempting to fetch resource.
JavaScript error: , line 0: TypeError: NetworkError when attempting to fetch resource.
JavaScript error: , line 0: TypeError: NetworkError when attempting to fetch resource.
JavaScript error: , line 0: TypeError: NetworkError when attempting to fetch resource.
JavaScript error: , line 0: TypeError: NetworkError when attempting to fetch resource.
JavaScript error: , line 0: TypeError: NetworkError when attempting to fetch resource.
JavaScript error: , line 0: TypeError: NetworkError when attempting to fetch resource.
JavaScript error: , line 0: TypeError: NetworkError when attempting to fetch resource.
JavaScript error: , line 0: TypeError: NetworkError when attempting to fetch resource.
JavaScript error: , line 0: TypeError: NetworkError when attempting to fetch resource.
JavaScript error: , line 0: TypeError: NetworkError when attempting to fetch resource.
JavaScript error: , line 0: TypeError: NetworkError when attempting to fetch resource.
JavaScript error: , line 0: TypeError: NetworkError when attempting to fetch resource.
JavaScript error: , line 0: TypeError: NetworkError when attempting to fetch resource.
JavaScript error: , line 0: TypeError: NetworkError when attempting to fetch resource.
JavaScript error: , line 0: TypeError: NetworkError when attempting to fetch resource.
JavaScript error: , line 0: TypeError: NetworkError when attempting to fetch resource.
JavaScript error: , line 0: TypeError: NetworkError when attempting to fetch resource.
JavaScript error: , line 0: TypeError: NetworkError when attempting to fetch resource.
JavaScript error: , line 0: TypeError: NetworkError when attempting to fetch resource.
JavaScript error: , line 0: TypeError: NetworkError when attempting to fetch resource.
JavaScript error: , line 0: TypeError: NetworkError when attempting to fetch resource.
JavaScript error: , line 0: TypeError: NetworkError when attempting to fetch resource.
JavaScript error: , line 0: TypeError: NetworkError when attempting to fetch resource.
JavaScript error: , line 0: TypeError: NetworkError when attempting to fetch resource.
JavaScript error: , line 0: TypeError: NetworkError when attempting to fetch resource.
JavaScript error: , line 0: TypeError: NetworkError when attempting to fetch resource.
JavaScript error: , line 0: TypeError: NetworkError when attempting to fetch resource.
1634989919930	geckodriver::marionette	ERROR	Failed to close browser connection: Socket not connected (os error 107)
1634989920377	Marionette	INFO	Stopped listening on port 39397
1634989926870	geckodriver	INFO	Listening on 127.0.0.1:40945
1634989926877	mozrunner::runner	INFO	Running command: "/usr/bin/firefox" "--marionette" "--remote-debugging-port" "46403" "-no-remote" "-profile" "/tmp/rust_mozprofile5RP5Jo"
console.error: SearchCache: "_readCacheFile: Error reading cache file:" (new Error("", "(unknown module)"))
1634989929973	Marionette	INFO	Listening on port 44051
1634989929989	Marionette	WARN	TLS certificate errors will be ignored for this session
JavaScript error: resource://gre/modules/TelemetryUtils.jsm, line 161: TypeError: date is undefined
JavaScript error: , line 0: TypeError: NetworkError when attempting to fetch resource.
JavaScript error: , line 0: TypeError: NetworkError when attempting to fetch resource.
JavaScript error: , line 0: TypeError: NetworkError when attempting to fetch resource.
JavaScript error: , line 0: TypeError: NetworkError when attempting to fetch resource.
JavaScript error: , line 0: TypeError: NetworkError when attempting to fetch resource.
JavaScript error: , line 0: TypeError: NetworkError when attempting to fetch resource.
JavaScript error: , line 0: TypeError: NetworkError when attempting to fetch resource.
JavaScript error: , line 0: TypeError: NetworkError when attempting to fetch resource.
JavaScript error: , line 0: TypeError: NetworkError when attempting to fetch resource.
JavaScript error: , line 0: TypeError: NetworkError when attempting to fetch resource.
JavaScript error: , line 0: TypeError: NetworkError when attempting to fetch resource.
JavaScript error: , line 0: TypeError: NetworkError when attempting to fetch resource.
JavaScript error: , line 0: TypeError: NetworkError when attempting to fetch resource.
JavaScript error: , line 0: TypeError: NetworkError when attempting to fetch resource.
JavaScript error: https://pagead2.googlesyndication.com/pagead/js/adsbygoogle.js, line 226: uncaught exception: TagError: adsbygoogle.push() error: No slot size for availableWidth=64
JavaScript error: , line 0: uncaught exception: undefined
JavaScript error: https://pagead2.googlesyndication.com/pagead/js/adsbygoogle.js, line 226: uncaught exception: TagError: adsbygoogle.push() error: No slot size for availableWidth=64
JavaScript error: , line 0: TypeError: NetworkError when attempting to fetch resource.
JavaScript error: , line 0: TypeError: NetworkError when attempting to fetch resource.
JavaScript error: https://pagead2.googlesyndication.com/pagead/js/adsbygoogle.js, line 226: uncaught exception: TagError: adsbygoogle.push() error: No slot size for availableWidth=64
JavaScript error: , line 0: TypeError: NetworkError when attempting to fetch resource.
JavaScript error: , line 0: TypeError: NetworkError when attempting to fetch resource.
JavaScript error: https://pagead2.googlesyndication.com/pagead/js/adsbygoogle.js, line 226: uncaught exception: TagError: adsbygoogle.push() error: No slot size for availableWidth=64
JavaScript error: , line 0: TypeError: NetworkError when attempting to fetch resource.
JavaScript error: , line 0: TypeError: NetworkError when attempting to fetch resource.
JavaScript error: https://pagead2.googlesyndication.com/pagead/js/adsbygoogle.js, line 226: uncaught exception: TagError: adsbygoogle.push() error: No slot size for availableWidth=64
JavaScript error: , line 0: TypeError: NetworkError when attempting to fetch resource.
JavaScript error: https://pagead2.googlesyndication.com/pagead/js/adsbygoogle.js, line 226: uncaught exception: TagError: adsbygoogle.push() error: No slot size for availableWidth=64
JavaScript error: , line 0: TypeError: NetworkError when attempting to fetch resource.
JavaScript error: , line 0: TypeError: NetworkError when attempting to fetch resource.
JavaScript error: https://pagead2.googlesyndication.com/pagead/js/adsbygoogle.js, line 226: uncaught exception: TagError: adsbygoogle.push() error: No slot size for availableWidth=64
JavaScript error: https://tpc.googlesyndication.com/pagead/js/r20211020/r20110914/client/qs_click_protection_fy2019.js, line 21: NS_ERROR_NOT_INITIALIZED: 
JavaScript error: , line 0: TypeError: NetworkError when attempting to fetch resource.
JavaScript error: , line 0: TypeError: NetworkError when attempting to fetch resource.
JavaScript error: https://pagead2.googlesyndication.com/pagead/js/adsbygoogle.js, line 226: uncaught exception: TagError: adsbygoogle.push() error: No slot size for availableWidth=64
JavaScript error: , line 0: TypeError: NetworkError when attempting to fetch resource.
JavaScript error: , line 0: TypeError: NetworkError when attempting to fetch resource.
JavaScript error: https://pagead2.googlesyndication.com/pagead/js/adsbygoogle.js, line 226: uncaught exception: TagError: adsbygoogle.push() error: No slot size for availableWidth=64
1634989979362	Marionette	INFO	Stopped listening on port 44051
1634990011593	geckodriver	INFO	Listening on 127.0.0.1:48843
1634990011604	mozrunner::runner	INFO	Running command: "/usr/bin/firefox" "--marionette" "--remote-debugging-port" "52745" "-no-remote" "-profile" "/tmp/rust_mozprofilee96AIj"
console.error: SearchCache: "_readCacheFile: Error reading cache file:" (new Error("", "(unknown module)"))
1634990014939	Marionette	INFO	Listening on port 41107
1634990015014	Marionette	WARN	TLS certificate errors will be ignored for this session
JavaScript error: resource://gre/modules/TelemetryUtils.jsm, line 161: TypeError: date is undefined
JavaScript error: https://pagead2.googlesyndication.com/pagead/js/adsbygoogle.js, line 226: uncaught exception: TagError: adsbygoogle.push() error: No slot size for availableWidth=85
JavaScript error: https://tpc.googlesyndication.com/pagead/js/r20211020/r20110914/client/qs_click_protection_fy2019.js, line 21: NS_ERROR_NOT_INITIALIZED: 
JavaScript error: https://tpc.googlesyndication.com/pagead/js/r20211020/r20110914/client/qs_click_protection_fy2019.js, line 21: NS_ERROR_NOT_INITIALIZED: 
JavaScript error: , line 0: TypeError: NetworkError when attempting to fetch resource.
JavaScript error: , line 0: TypeError: NetworkError when attempting to fetch resource.
JavaScript error: , line 0: TypeError: NetworkError when attempting to fetch resource.
JavaScript error: , line 0: TypeError: NetworkError when attempting to fetch resource.
JavaScript error: , line 0: TypeError: NetworkError when attempting to fetch resource.
JavaScript error: , line 0: TypeError: NetworkError when attempting to fetch resource.
JavaScript error: https://tpc.googlesyndication.com/pagead/js/r20211020/r20110914/client/qs_click_protection_fy2019.js, line 21: NS_ERROR_NOT_INITIALIZED: 
JavaScript error: https://tpc.googlesyndication.com/pagead/js/r20211020/r20110914/client/qs_click_protection_fy2019.js, line 21: NS_ERROR_NOT_INITIALIZED: 
JavaScript error: https://tpc.googlesyndication.com/pagead/js/r20211020/r20110914/client/qs_click_protection_fy2019.js, line 21: NS_ERROR_NOT_INITIALIZED: 
JavaScript error: , line 0: TypeError: NetworkError when attempting to fetch resource.
JavaScript error: , line 0: TypeError: NetworkError when attempting to fetch resource.
JavaScript error: , line 0: TypeError: NetworkError when attempting to fetch resource.
JavaScript error: , line 0: TypeError: NetworkError when attempting to fetch resource.
JavaScript error: , line 0: TypeError: NetworkError when attempting to fetch resource.
JavaScript error: , line 0: TypeError: NetworkError when attempting to fetch resource.
JavaScript error: , line 0: TypeError: NetworkError when attempting to fetch resource.
JavaScript error: , line 0: TypeError: NetworkError when attempting to fetch resource.
JavaScript error: , line 0: TypeError: NetworkError when attempting to fetch resource.
JavaScript error: , line 0: TypeError: NetworkError when attempting to fetch resource.
1634990139598	Marionette	INFO	Stopped listening on port 41107
1634990142979	geckodriver::marionette	ERROR	Failed to close browser connection: Socket not connected (os error 107)
1634991485580	geckodriver	INFO	Listening on 127.0.0.1:41417
1634991485664	mozrunner::runner	INFO	Running command: "/usr/bin/firefox" "--marionette" "--remote-debugging-port" "33043" "-no-remote" "-profile" "/tmp/rust_mozprofileFl3XEr"
console.error: SearchCache: "_readCacheFile: Error reading cache file:" (new Error("", "(unknown module)"))
1634991487747	Marionette	INFO	Listening on port 46095
1634991487771	Marionette	WARN	TLS certificate errors will be ignored for this session
1634991494356	Marionette	INFO	Stopped listening on port 46095
1634991552932	geckodriver	INFO	Listening on 127.0.0.1:59149
1634991552997	mozrunner::runner	INFO	Running command: "/usr/bin/firefox" "--marionette" "--remote-debugging-port" "46051" "-no-remote" "-profile" "/tmp/rust_mozprofilevFopZq"
console.error: SearchCache: "_readCacheFile: Error reading cache file:" (new Error("", "(unknown module)"))
1634991554887	Marionette	INFO	Listening on port 43083
1634991554914	Marionette	WARN	TLS certificate errors will be ignored for this session
1634991554952	Marionette	INFO	Stopped listening on port 43083
JavaScript error: resource://activity-stream/lib/ActivityStreamPrefs.jsm, line 27: NS_ERROR_ILLEGAL_VALUE: Component returned failure code: 0x80070057 (NS_ERROR_ILLEGAL_VALUE) [nsIPrefBranch.removeObserver]
console.error: Region.jsm: "Error fetching region" (new TypeError("NetworkError when attempting to fetch resource.", ""))
console.error: Region.jsm: "Failed to fetch region" (new Error("NO_RESULT", "resource://gre/modules/Region.jsm", 351))
JavaScript error: resource://gre/modules/JSONFile.jsm, line 196: Error: Data is not ready.
console.log: "RemoteSettingsWorker error: Error: Can't import when we've started shutting down."

###!!! [Parent][DispatchAsyncMessage] Error: PBackgroundIDBFactory::Msg_PBackgroundIDBFactoryRequestConstructor Value error: message was deserialized, but contained an illegal value


###!!! [Parent][DispatchAsyncMessage] Error: PBackgroundIDBFactory::Msg_PBackgroundIDBFactoryRequestConstructor Value error: message was deserialized, but contained an illegal value

console.error: PushService: 
  clearOriginData: Error clearing origin data:
  UnknownError
console.error: PushService: 
  stateChangeProcessEnqueue: Error transitioning state
  UnknownError
JavaScript error: , line 0: UnknownError: The operation failed for reasons unrelated to the database itself and not covered by any other error code.
1634991814214	geckodriver	INFO	Listening on 127.0.0.1:54605
1634991814284	mozrunner::runner	INFO	Running command: "/usr/bin/firefox" "--marionette" "--remote-debugging-port" "59531" "-no-remote" "-profile" "/tmp/rust_mozprofiletXaOr3"
console.error: SearchCache: "_readCacheFile: Error reading cache file:" (new Error("", "(unknown module)"))
1634991816391	Marionette	INFO	Listening on port 36639
1634991816493	Marionette	WARN	TLS certificate errors will be ignored for this session
1634991816531	Marionette	INFO	Stopped listening on port 36639
JavaScript error: resource://activity-stream/lib/ActivityStreamPrefs.jsm, line 27: NS_ERROR_ILLEGAL_VALUE: Component returned failure code: 0x80070057 (NS_ERROR_ILLEGAL_VALUE) [nsIPrefBranch.removeObserver]
console.error: Region.jsm: "Error fetching region" (new TypeError("NetworkError when attempting to fetch resource.", ""))
console.error: Region.jsm: "Failed to fetch region" (new Error("NO_RESULT", "resource://gre/modules/Region.jsm", 351))
console.error: (new Error("Connection closed before committing the transaction.", "resource://gre/modules/Sqlite.jsm", 688))
JavaScript error: resource://gre/modules/JSONFile.jsm, line 196: Error: Data is not ready.
console.log: "RemoteSettingsWorker error: Error: Can't import when we've started shutting down."

###!!! [Parent][DispatchAsyncMessage] Error: PBackgroundIDBFactory::Msg_PBackgroundIDBFactoryRequestConstructor Value error: message was deserialized, but contained an illegal value


###!!! [Parent][DispatchAsyncMessage] Error: PBackgroundIDBFactory::Msg_PBackgroundIDBFactoryRequestConstructor Value error: message was deserialized, but contained an illegal value

console.error: PushService: 
  clearOriginData: Error clearing origin data:
  UnknownError
console.error: PushService: 
  stateChangeProcessEnqueue: Error transitioning state
  UnknownError
JavaScript error: , line 0: UnknownError: The operation failed for reasons unrelated to the database itself and not covered by any other error code.
1634991950987	geckodriver	INFO	Listening on 127.0.0.1:42905
1634991951057	mozrunner::runner	INFO	Running command: "/usr/bin/firefox" "--marionette" "--remote-debugging-port" "39769" "-no-remote" "-profile" "/tmp/rust_mozprofile5CE6kR"
console.error: SearchCache: "_readCacheFile: Error reading cache file:" (new Error("", "(unknown module)"))
1634991953230	Marionette	INFO	Listening on port 33865
1634991953263	Marionette	WARN	TLS certificate errors will be ignored for this session
1634991963947	Marionette	INFO	Stopped listening on port 33865
JavaScript error: resource://gre/modules/Sqlite.jsm, line 1031: Error: Sqlite.jsm has been shutdown. Cannot open connection to: /tmp/rust_mozprofile5CE6kR/protections.sqlite
JavaScript error: , line 0: TypeError: NetworkError when attempting to fetch resource.
JavaScript error: , line 0: TypeError: NetworkError when attempting to fetch resource.
JavaScript error: , line 0: TypeError: NetworkError when attempting to fetch resource.

###!!! [Child][RunMessage] Error: Channel closing: too late to send/recv, messages will be lost


###!!! [Child][MessageChannel] Error: (msgtype=0x39013F,name=PContent::Msg_ScriptError) Channel closing: too late to send/recv, messages will be lost

1634991995699	geckodriver	INFO	Listening on 127.0.0.1:37509
1634991995790	mozrunner::runner	INFO	Running command: "/usr/bin/firefox" "--marionette" "--remote-debugging-port" "39143" "-no-remote" "-profile" "/tmp/rust_mozprofilelHQWp4"
console.error: SearchCache: "_readCacheFile: Error reading cache file:" (new Error("", "(unknown module)"))
1634991997826	Marionette	INFO	Listening on port 37033
1634991997897	Marionette	WARN	TLS certificate errors will be ignored for this session
1634992011946	Marionette	INFO	Stopped listening on port 37033
JavaScript error: , line 0: TypeError: NetworkError when attempting to fetch resource.
JavaScript error: , line 0: TypeError: NetworkError when attempting to fetch resource.
1634992044556	geckodriver	INFO	Listening on 127.0.0.1:54113
1634992044628	mozrunner::runner	INFO	Running command: "/usr/bin/firefox" "--marionette" "--remote-debugging-port" "43819" "-no-remote" "-profile" "/tmp/rust_mozprofileLNNBAM"
console.error: SearchCache: "_readCacheFile: Error reading cache file:" (new Error("", "(unknown module)"))
1634992046747	Marionette	INFO	Listening on port 34971
1634992046926	Marionette	WARN	TLS certificate errors will be ignored for this session
1634992053975	Marionette	INFO	Stopped listening on port 34971
JavaScript error: resource://gre/modules/Sqlite.jsm, line 1031: Error: Sqlite.jsm has been shutdown. Cannot open connection to: /tmp/rust_mozprofileLNNBAM/protections.sqlite
JavaScript error: , line 0: TypeError: NetworkError when attempting to fetch resource.
JavaScript error: , line 0: TypeError: NetworkError when attempting to fetch resource.
JavaScript error: , line 0: TypeError: NetworkError when attempting to fetch resource.

###!!! [Child][MessageChannel] Error: (msgtype=0x39013F,name=PContent::Msg_ScriptError) Channel closing: too late to send/recv, messages will be lost


###!!! [Child][MessageChannel] Error: (msgtype=0x39013F,name=PContent::Msg_ScriptError) Channel closing: too late to send/recv, messages will be lost

1634992171186	geckodriver	INFO	Listening on 127.0.0.1:56423
1634992171259	mozrunner::runner	INFO	Running command: "/usr/bin/firefox" "--marionette" "--remote-debugging-port" "43221" "-no-remote" "-profile" "/tmp/rust_mozprofileq72mT4"
console.error: SearchCache: "_readCacheFile: Error reading cache file:" (new Error("", "(unknown module)"))
1634992173282	Marionette	INFO	Listening on port 35129
1634992173367	Marionette	WARN	TLS certificate errors will be ignored for this session
1634992183340	Marionette	INFO	Stopped listening on port 35129
JavaScript error: , line 0: uncaught exception: undefined
JavaScript error: https://www.gstatic.com/recaptcha/releases/YhkYx1k-yvvb8OonJPmOpoJY/recaptcha__pt_pt.js, line 176: NS_ERROR_NOT_INITIALIZED
JavaScript error: , line 0: TypeError: NetworkError when attempting to fetch resource.
JavaScript error: , line 0: TypeError: NetworkError when attempting to fetch resource.
JavaScript error: , line 0: TypeError: NetworkError when attempting to fetch resource.
1634992401504	geckodriver	INFO	Listening on 127.0.0.1:46941
1634992401586	mozrunner::runner	INFO	Running command: "/usr/bin/firefox" "--marionette" "--remote-debugging-port" "60977" "-no-remote" "-profile" "/tmp/rust_mozprofileSfmIQc"
console.error: SearchCache: "_readCacheFile: Error reading cache file:" (new Error("", "(unknown module)"))
1634992403648	Marionette	INFO	Listening on port 42713
1634992403694	Marionette	WARN	TLS certificate errors will be ignored for this session
1634992412300	Marionette	INFO	Stopped listening on port 42713
JavaScript error: , line 0: TypeError: NetworkError when attempting to fetch resource.
JavaScript error: , line 0: TypeError: NetworkError when attempting to fetch resource.
JavaScript error: resource://gre/modules/Sqlite.jsm, line 1031: Error: Sqlite.jsm has been shutdown. Cannot open connection to: /tmp/rust_mozprofileSfmIQc/protections.sqlite
1634993224662	geckodriver	INFO	Listening on 127.0.0.1:34005
1634993224735	mozrunner::runner	INFO	Running command: "/usr/bin/firefox" "--marionette" "--remote-debugging-port" "49767" "-no-remote" "-profile" "/tmp/rust_mozprofile4QZNFD"
console.error: SearchCache: "_readCacheFile: Error reading cache file:" (new Error("", "(unknown module)"))
1634993226642	Marionette	INFO	Listening on port 34275
1634993226742	Marionette	WARN	TLS certificate errors will be ignored for this session
1634993239119	Marionette	INFO	Stopped listening on port 34275
JavaScript error: , line 0: TypeError: NetworkError when attempting to fetch resource.
JavaScript error: , line 0: TypeError: NetworkError when attempting to fetch resource.
1634993263433	geckodriver	INFO	Listening on 127.0.0.1:40223
1634993263501	mozrunner::runner	INFO	Running command: "/usr/bin/firefox" "--marionette" "--remote-debugging-port" "45259" "-no-remote" "-profile" "/tmp/rust_mozprofilek85C3G"
console.error: SearchCache: "_readCacheFile: Error reading cache file:" (new Error("", "(unknown module)"))
1634993265420	Marionette	INFO	Listening on port 41661
1634993265509	Marionette	WARN	TLS certificate errors will be ignored for this session
1634993289670	Marionette	INFO	Stopped listening on port 41661
JavaScript error: , line 0: uncaught exception: undefined
JavaScript error: https://www.gstatic.com/recaptcha/releases/YhkYx1k-yvvb8OonJPmOpoJY/recaptcha__pt_pt.js, line 176: NS_ERROR_NOT_INITIALIZED
JavaScript error: , line 0: TypeError: NetworkError when attempting to fetch resource.
JavaScript error: , line 0: TypeError: NetworkError when attempting to fetch resource.
1634993409894	geckodriver	INFO	Listening on 127.0.0.1:33623
1634993409962	mozrunner::runner	INFO	Running command: "/usr/bin/firefox" "--marionette" "--remote-debugging-port" "54677" "-no-remote" "-profile" "/tmp/rust_mozprofileflcNxI"
console.error: SearchCache: "_readCacheFile: Error reading cache file:" (new Error("", "(unknown module)"))
1634993412157	Marionette	INFO	Listening on port 41341
1634993412172	Marionette	WARN	TLS certificate errors will be ignored for this session
JavaScript error: , line 0: TypeError: NetworkError when attempting to fetch resource.
JavaScript error: , line 0: TypeError: NetworkError when attempting to fetch resource.
1634993442130	geckodriver::marionette	ERROR	Failed to close browser connection: Socket not connected (os error 107)
JavaScript error: resource://gre/modules/Sqlite.jsm, line 894: Error: Error(s) encountered during statement execution: disk I/O error
1634993442261	Marionette	INFO	Stopped listening on port 41341
1634993457770	geckodriver	INFO	Listening on 127.0.0.1:46547
1634993457840	mozrunner::runner	INFO	Running command: "/usr/bin/firefox" "--marionette" "--remote-debugging-port" "47803" "-no-remote" "-profile" "/tmp/rust_mozprofileuAakZu"
console.error: SearchCache: "_readCacheFile: Error reading cache file:" (new Error("", "(unknown module)"))
1634993459974	Marionette	INFO	Listening on port 36637
1634993460048	Marionette	WARN	TLS certificate errors will be ignored for this session
JavaScript error: , line 0: TypeError: NetworkError when attempting to fetch resource.
JavaScript error: , line 0: TypeError: NetworkError when attempting to fetch resource.
Exiting due to channel error.
Exiting due to channel error.
Exiting due to channel error.
1634993534882	geckodriver	INFO	Listening on 127.0.0.1:37011
1634993534956	mozrunner::runner	INFO	Running command: "/usr/bin/firefox" "--marionette" "--remote-debugging-port" "55807" "-no-remote" "-profile" "/tmp/rust_mozprofileD4HqZE"
console.error: SearchCache: "_readCacheFile: Error reading cache file:" (new Error("", "(unknown module)"))
1634993537190	Marionette	INFO	Listening on port 43207
1634993537264	Marionette	WARN	TLS certificate errors will be ignored for this session
JavaScript error: resource://gre/modules/URIFixup.jsm, line 271: NS_ERROR_FAILURE: Should pass a non-null uri
1634993560710	geckodriver::marionette	ERROR	Failed to close browser connection: Socket not connected (os error 107)
JavaScript error: , line 0: TypeError: NetworkError when attempting to fetch resource.
JavaScript error: , line 0: TypeError: NetworkError when attempting to fetch resource.
1634993561049	Marionette	INFO	Stopped listening on port 43207
1634993562758	geckodriver	INFO	Listening on 127.0.0.1:52345
1634993562829	mozrunner::runner	INFO	Running command: "/usr/bin/firefox" "--marionette" "--remote-debugging-port" "50163" "-no-remote" "-profile" "/tmp/rust_mozprofileUArbbZ"
console.error: SearchCache: "_readCacheFile: Error reading cache file:" (new Error("", "(unknown module)"))
1634993564779	Marionette	INFO	Listening on port 46263
1634993564838	Marionette	WARN	TLS certificate errors will be ignored for this session
JavaScript error: resource://gre/modules/URIFixup.jsm, line 271: NS_ERROR_FAILURE: Should pass a non-null uri
JavaScript error: https://pagead2.googlesyndication.com/pagead/js/adsbygoogle.js, line 228: uncaught exception: TagError: adsbygoogle.push() error: No slot size for availableWidth=64
JavaScript error: , line 0: TypeError: NetworkError when attempting to fetch resource.
1634993607200	Marionette	INFO	Stopped listening on port 46263
1634993607438	geckodriver::marionette	ERROR	Failed to close browser connection: Socket not connected (os error 107)
1634993616521	geckodriver	INFO	Listening on 127.0.0.1:44319
1634993616588	mozrunner::runner	INFO	Running command: "/usr/bin/firefox" "--marionette" "--remote-debugging-port" "39359" "-no-remote" "-profile" "/tmp/rust_mozprofilecAOMCj"
console.error: SearchCache: "_readCacheFile: Error reading cache file:" (new Error("", "(unknown module)"))
1634993618514	Marionette	INFO	Listening on port 40255
1634993618602	Marionette	WARN	TLS certificate errors will be ignored for this session
JavaScript error: , line 0: TypeError: NetworkError when attempting to fetch resource.
JavaScript error: , line 0: TypeError: NetworkError when attempting to fetch resource.
JavaScript error: , line 0: TypeError: NetworkError when attempting to fetch resource.
JavaScript error: https://www.gstatic.com/recaptcha/releases/YhkYx1k-yvvb8OonJPmOpoJY/recaptcha__en.js, line 696: SecurityError: Permission denied to access property "a-aibl85ycciil" on cross-origin object
1634993641511	Marionette	INFO	Stopped listening on port 40255
JavaScript error: , line 0: TypeError: NetworkError when attempting to fetch resource.
JavaScript error: , line 0: TypeError: NetworkError when attempting to fetch resource.
JavaScript error: , line 0: uncaught exception: undefined
1634993656114	geckodriver	INFO	Listening on 127.0.0.1:60445
1634993656179	mozrunner::runner	INFO	Running command: "/usr/bin/firefox" "--marionette" "--remote-debugging-port" "60929" "-no-remote" "-profile" "/tmp/rust_mozprofileYYfpr0"
console.error: SearchCache: "_readCacheFile: Error reading cache file:" (new Error("", "(unknown module)"))
1634993658176	Marionette	INFO	Listening on port 42847
1634993658195	Marionette	WARN	TLS certificate errors will be ignored for this session
1634993680999	Marionette	INFO	Stopped listening on port 42847
1634993745110	geckodriver	INFO	Listening on 127.0.0.1:41445
1634993745181	mozrunner::runner	INFO	Running command: "/usr/bin/firefox" "--marionette" "--remote-debugging-port" "51167" "-no-remote" "-profile" "/tmp/rust_mozprofileS1vDJc"
console.error: SearchCache: "_readCacheFile: Error reading cache file:" (new Error("", "(unknown module)"))
1634993747232	Marionette	INFO	Listening on port 40893
1634993747289	Marionette	WARN	TLS certificate errors will be ignored for this session
JavaScript error: , line 0: TypeError: NetworkError when attempting to fetch resource.
1634993768966	Marionette	INFO	Stopped listening on port 40893
JavaScript error: , line 0: uncaught exception: undefined
JavaScript error: , line 0: TypeError: NetworkError when attempting to fetch resource.
JavaScript error: , line 0: TypeError: NetworkError when attempting to fetch resource.
1634993803100	geckodriver	INFO	Listening on 127.0.0.1:38993
1634993803170	mozrunner::runner	INFO	Running command: "/usr/bin/firefox" "--marionette" "--remote-debugging-port" "37755" "-no-remote" "-profile" "/tmp/rust_mozprofile8Eoosc"
console.error: SearchCache: "_readCacheFile: Error reading cache file:" (new Error("", "(unknown module)"))
1634993805324	Marionette	INFO	Listening on port 42505
1634993805376	Marionette	WARN	TLS certificate errors will be ignored for this session
JavaScript error: , line 0: TypeError: NetworkError when attempting to fetch resource.
1634993852532	Marionette	INFO	Stopped listening on port 42505
1634993852555	geckodriver::marionette	ERROR	Failed to close browser connection: Socket not connected (os error 107)
JavaScript error: , line 0: TypeError: NetworkError when attempting to fetch resource.
JavaScript error: , line 0: TypeError: NetworkError when attempting to fetch resource.
JavaScript error: , line 0: TypeError: NetworkError when attempting to fetch resource.
console.error: (new Error("Error(s) encountered during statement execution: attempt to write a readonly database", "resource://gre/modules/Sqlite.jsm", 894))
1634993915177	geckodriver	INFO	Listening on 127.0.0.1:58141
1634993915247	mozrunner::runner	INFO	Running command: "/usr/bin/firefox" "--marionette" "--remote-debugging-port" "38321" "-no-remote" "-profile" "/tmp/rust_mozprofilemSyiCf"
console.error: SearchCache: "_readCacheFile: Error reading cache file:" (new Error("", "(unknown module)"))
1634993917245	Marionette	INFO	Listening on port 36025
1634993917260	Marionette	WARN	TLS certificate errors will be ignored for this session
1634993927815	Marionette	INFO	Stopped listening on port 36025
JavaScript error: , line 0: TypeError: NetworkError when attempting to fetch resource.
JavaScript error: , line 0: TypeError: NetworkError when attempting to fetch resource.
JavaScript error: , line 0: TypeError: NetworkError when attempting to fetch resource.

###!!! [Child][MessageChannel] Error: (msgtype=0x39013F,name=PContent::Msg_ScriptError) Channel closing: too late to send/recv, messages will be lost

1634993944418	geckodriver	INFO	Listening on 127.0.0.1:38737
1634993944487	mozrunner::runner	INFO	Running command: "/usr/bin/firefox" "--marionette" "--remote-debugging-port" "50501" "-no-remote" "-profile" "/tmp/rust_mozprofilestuKfY"
console.error: SearchCache: "_readCacheFile: Error reading cache file:" (new Error("", "(unknown module)"))
1634993946601	Marionette	INFO	Listening on port 33157
1634993946694	Marionette	WARN	TLS certificate errors will be ignored for this session
1634993979172	Marionette	INFO	Stopped listening on port 33157
JavaScript error: , line 0: TypeError: NetworkError when attempting to fetch resource.
JavaScript error: , line 0: TypeError: NetworkError when attempting to fetch resource.
1635006364434	geckodriver	INFO	Listening on 127.0.0.1:35287
1635006364972	mozrunner::runner	INFO	Running command: "/usr/bin/firefox" "--marionette" "--remote-debugging-port" "43421" "-no-remote" "-profile" "/tmp/rust_mozprofiledFNwXb"
console.error: SearchCache: "_readCacheFile: Error reading cache file:" (new Error("", "(unknown module)"))
1635006369222	Marionette	INFO	Listening on port 35759
1635006369283	Marionette	WARN	TLS certificate errors will be ignored for this session
JavaScript error: resource://gre/modules/URIFixup.jsm, line 271: NS_ERROR_FAILURE: Should pass a non-null uri
JavaScript error: https://clickiocdn.com/utr/logst_sa/c2FpZD02MzczNDh+NjM3MzU0fi1+NjM3MzQ4fjYzNzM1NCZzc2lkPX4xJmFjdD1mbmRfb25fcGd+cnRyX3Zhcl9jaHNufnJ0cl92YXJfaW5zdGFsbH50Z2xfc18wfnRnbF9zXzFfZGZwJnVybD1+cGV0aWNhb3B1YmxpY2EuY29tLmJyJnZjbnQ9NSZfZj1fX2x4R19fLnRtcC5sb2dzdF8ydnRpdmhldW5rb3l5MmNl/, line 1: TypeError: __lxG__.tmp.logst_2vtivheunkoyy2ce is not a function
1635006401641	Marionette	INFO	Stopped listening on port 35759
JavaScript error: , line 0: TypeError: NetworkError when attempting to fetch resource.
JavaScript error: , line 0: TypeError: NetworkError when attempting to fetch resource.
1635017435932	geckodriver	INFO	Listening on 127.0.0.1:60603
1635017436475	mozrunner::runner	INFO	Running command: "/usr/bin/firefox" "--marionette" "--remote-debugging-port" "38839" "-no-remote" "-profile" "/tmp/rust_mozprofileNnulaG"
console.error: SearchCache: "_readCacheFile: Error reading cache file:" (new Error("", "(unknown module)"))
1635017440524	Marionette	INFO	Listening on port 36497
1635017440587	Marionette	WARN	TLS certificate errors will be ignored for this session
JavaScript error: resource://gre/modules/URIFixup.jsm, line 271: NS_ERROR_FAILURE: Should pass a non-null uri
1635017531967	Marionette	INFO	Stopped listening on port 36497
IPDL protocol error: Handler returned error code!

###!!! [Parent][DispatchAsyncMessage] Error: PLayerTransaction::Msg_ReleaseLayer Processing error: message was deserialized, but the handler returned false (indicating failure)

1635018079027	geckodriver	INFO	Listening on 127.0.0.1:46139
1635018079098	mozrunner::runner	INFO	Running command: "/usr/bin/firefox" "--marionette" "--remote-debugging-port" "43527" "-no-remote" "-profile" "/tmp/rust_mozprofile7Ld7a7"
console.error: SearchCache: "_readCacheFile: Error reading cache file:" (new Error("", "(unknown module)"))
1635018081168	Marionette	INFO	Listening on port 37699
1635018081204	Marionette	WARN	TLS certificate errors will be ignored for this session
1635018118185	geckodriver::marionette	ERROR	Failed to close browser connection: Socket not connected (os error 107)
JavaScript error: , line 0: TypeError: NetworkError when attempting to fetch resource.
JavaScript error: , line 0: TypeError: NetworkError when attempting to fetch resource.
JavaScript error: , line 0: TypeError: NetworkError when attempting to fetch resource.
1635018118584	Marionette	INFO	Stopped listening on port 37699
1635019481818	geckodriver	INFO	Listening on 127.0.0.1:40379
1635019481887	mozrunner::runner	INFO	Running command: "/usr/bin/firefox" "--marionette" "--remote-debugging-port" "55225" "-no-remote" "-profile" "/tmp/rust_mozprofilezTQQiC"
console.error: SearchCache: "_readCacheFile: Error reading cache file:" (new Error("", "(unknown module)"))
1635019484197	Marionette	INFO	Listening on port 33361
1635019484374	Marionette	WARN	TLS certificate errors will be ignored for this session
1635019511762	Marionette	INFO	Stopped listening on port 33361
1635019512061	geckodriver::marionette	ERROR	Failed to close browser connection: Socket not connected (os error 107)
